Analysis & Elaboration report for alarm_clock
Thu Nov 09 22:54:21 2017
Quartus Prime Version 17.0.0 Build 595 04/25/2017 SJ Lite Edition


---------------------
; Table of Contents ;
---------------------
  1. Legal Notice
  2. Analysis & Elaboration Summary
  3. Parallel Compilation
  4. Analysis & Elaboration Settings
  5. Port Connectivity Checks: "debounce:min_btn"
  6. Port Connectivity Checks: "debounce:hour_btn"
  7. Port Connectivity Checks: "debounce:clock_btn"
  8. Port Connectivity Checks: "debounce:alarm_btn"
  9. Analysis & Elaboration Messages



----------------
; Legal Notice ;
----------------
Copyright (C) 2017  Intel Corporation. All rights reserved.
Your use of Intel Corporation's design tools, logic functions 
and other software and tools, and its AMPP partner logic 
functions, and any output files from any of the foregoing 
(including device programming or simulation files), and any 
associated documentation or information are expressly subject 
to the terms and conditions of the Intel Program License 
Subscription Agreement, the Intel Quartus Prime License Agreement,
the Intel MegaCore Function License Agreement, or other 
applicable license agreement, including, without limitation, 
that your use is for the sole purpose of programming logic 
devices manufactured by Intel and sold by Intel or its 
authorized distributors.  Please refer to the applicable 
agreement for further details.



+----------------------------------------------------------------------------------+
; Analysis & Elaboration Summary                                                   ;
+------------------------------------+---------------------------------------------+
; Analysis & Elaboration Status      ; Successful - Thu Nov 09 22:54:21 2017       ;
; Quartus Prime Version              ; 17.0.0 Build 595 04/25/2017 SJ Lite Edition ;
; Revision Name                      ; alarm_clock                                 ;
; Top-level Entity Name              ; alarm_clock                                 ;
; Family                             ; Cyclone IV E                                ;
; Total logic elements               ; N/A until Partition Merge                   ;
;     Total combinational functions  ; N/A until Partition Merge                   ;
;     Dedicated logic registers      ; N/A until Partition Merge                   ;
; Total registers                    ; N/A until Partition Merge                   ;
; Total pins                         ; N/A until Partition Merge                   ;
; Total virtual pins                 ; N/A until Partition Merge                   ;
; Total memory bits                  ; N/A until Partition Merge                   ;
; Embedded Multiplier 9-bit elements ; N/A until Partition Merge                   ;
; Total PLLs                         ; N/A until Partition Merge                   ;
+------------------------------------+---------------------------------------------+


+------------------------------------------+
; Parallel Compilation                     ;
+----------------------------+-------------+
; Processors                 ; Number      ;
+----------------------------+-------------+
; Number detected on machine ; 4           ;
; Maximum allowed            ; 4           ;
;                            ;             ;
; Average used               ; 1.00        ;
; Maximum used               ; 1           ;
;                            ;             ;
; Usage by Processor         ; % Time Used ;
;     Processor 1            ; 100.0%      ;
+----------------------------+-------------+


+----------------------------------------------------------------------------------------------------------------------+
; Analysis & Elaboration Settings                                                                                      ;
+----------------------------------------------------------------------------+--------------------+--------------------+
; Option                                                                     ; Setting            ; Default Value      ;
+----------------------------------------------------------------------------+--------------------+--------------------+
; Device                                                                     ; EP4CE115F29C7      ;                    ;
; Top-level entity name                                                      ; alarm_clock        ; alarm_clock        ;
; Family name                                                                ; Cyclone IV E       ; Cyclone V          ;
; Use smart compilation                                                      ; Off                ; Off                ;
; Enable parallel Assembler and TimeQuest Timing Analyzer during compilation ; On                 ; On                 ;
; Enable compact report table                                                ; Off                ; Off                ;
; Restructure Multiplexers                                                   ; Auto               ; Auto               ;
; Create Debugging Nodes for IP Cores                                        ; Off                ; Off                ;
; Preserve fewer node names                                                  ; On                 ; On                 ;
; OpenCore Plus hardware evaluation                                          ; Enable             ; Enable             ;
; Verilog Version                                                            ; Verilog_2001       ; Verilog_2001       ;
; VHDL Version                                                               ; VHDL_1993          ; VHDL_1993          ;
; State Machine Processing                                                   ; Auto               ; Auto               ;
; Safe State Machine                                                         ; Off                ; Off                ;
; Extract Verilog State Machines                                             ; On                 ; On                 ;
; Extract VHDL State Machines                                                ; On                 ; On                 ;
; Ignore Verilog initial constructs                                          ; Off                ; Off                ;
; Iteration limit for constant Verilog loops                                 ; 5000               ; 5000               ;
; Iteration limit for non-constant Verilog loops                             ; 250                ; 250                ;
; Add Pass-Through Logic to Inferred RAMs                                    ; On                 ; On                 ;
; Infer RAMs from Raw Logic                                                  ; On                 ; On                 ;
; Parallel Synthesis                                                         ; On                 ; On                 ;
; DSP Block Balancing                                                        ; Auto               ; Auto               ;
; NOT Gate Push-Back                                                         ; On                 ; On                 ;
; Power-Up Don't Care                                                        ; On                 ; On                 ;
; Remove Redundant Logic Cells                                               ; Off                ; Off                ;
; Remove Duplicate Registers                                                 ; On                 ; On                 ;
; Ignore CARRY Buffers                                                       ; Off                ; Off                ;
; Ignore CASCADE Buffers                                                     ; Off                ; Off                ;
; Ignore GLOBAL Buffers                                                      ; Off                ; Off                ;
; Ignore ROW GLOBAL Buffers                                                  ; Off                ; Off                ;
; Ignore LCELL Buffers                                                       ; Off                ; Off                ;
; Ignore SOFT Buffers                                                        ; On                 ; On                 ;
; Limit AHDL Integers to 32 Bits                                             ; Off                ; Off                ;
; Optimization Technique                                                     ; Balanced           ; Balanced           ;
; Carry Chain Length                                                         ; 70                 ; 70                 ;
; Auto Carry Chains                                                          ; On                 ; On                 ;
; Auto Open-Drain Pins                                                       ; On                 ; On                 ;
; Perform WYSIWYG Primitive Resynthesis                                      ; Off                ; Off                ;
; Auto ROM Replacement                                                       ; On                 ; On                 ;
; Auto RAM Replacement                                                       ; On                 ; On                 ;
; Auto DSP Block Replacement                                                 ; On                 ; On                 ;
; Auto Shift Register Replacement                                            ; Auto               ; Auto               ;
; Allow Shift Register Merging across Hierarchies                            ; Auto               ; Auto               ;
; Auto Clock Enable Replacement                                              ; On                 ; On                 ;
; Strict RAM Replacement                                                     ; Off                ; Off                ;
; Allow Synchronous Control Signals                                          ; On                 ; On                 ;
; Force Use of Synchronous Clear Signals                                     ; Off                ; Off                ;
; Auto RAM Block Balancing                                                   ; On                 ; On                 ;
; Auto RAM to Logic Cell Conversion                                          ; Off                ; Off                ;
; Auto Resource Sharing                                                      ; Off                ; Off                ;
; Allow Any RAM Size For Recognition                                         ; Off                ; Off                ;
; Allow Any ROM Size For Recognition                                         ; Off                ; Off                ;
; Allow Any Shift Register Size For Recognition                              ; Off                ; Off                ;
; Use LogicLock Constraints during Resource Balancing                        ; On                 ; On                 ;
; Ignore translate_off and synthesis_off directives                          ; Off                ; Off                ;
; Timing-Driven Synthesis                                                    ; On                 ; On                 ;
; Report Parameter Settings                                                  ; On                 ; On                 ;
; Report Source Assignments                                                  ; On                 ; On                 ;
; Report Connectivity Checks                                                 ; On                 ; On                 ;
; Ignore Maximum Fan-Out Assignments                                         ; Off                ; Off                ;
; Synchronization Register Chain Length                                      ; 2                  ; 2                  ;
; PowerPlay Power Optimization During Synthesis                              ; Normal compilation ; Normal compilation ;
; HDL message level                                                          ; Level2             ; Level2             ;
; Suppress Register Optimization Related Messages                            ; Off                ; Off                ;
; Number of Removed Registers Reported in Synthesis Report                   ; 5000               ; 5000               ;
; Number of Swept Nodes Reported in Synthesis Report                         ; 5000               ; 5000               ;
; Number of Inverted Registers Reported in Synthesis Report                  ; 100                ; 100                ;
; Clock MUX Protection                                                       ; On                 ; On                 ;
; Auto Gated Clock Conversion                                                ; Off                ; Off                ;
; Block Design Naming                                                        ; Auto               ; Auto               ;
; SDC constraint protection                                                  ; Off                ; Off                ;
; Synthesis Effort                                                           ; Auto               ; Auto               ;
; Shift Register Replacement - Allow Asynchronous Clear Signal               ; On                 ; On                 ;
; Pre-Mapping Resynthesis Optimization                                       ; Off                ; Off                ;
; Analysis & Synthesis Message Level                                         ; Medium             ; Medium             ;
; Disable Register Merging Across Hierarchies                                ; Auto               ; Auto               ;
; Resource Aware Inference For Block RAM                                     ; On                 ; On                 ;
+----------------------------------------------------------------------------+--------------------+--------------------+


+---------------------------------------------------------------------------------------------------------------------+
; Port Connectivity Checks: "debounce:min_btn"                                                                        ;
+-----------+--------+----------+-------------------------------------------------------------------------------------+
; Port      ; Type   ; Severity ; Details                                                                             ;
+-----------+--------+----------+-------------------------------------------------------------------------------------+
; debounced ; Output ; Info     ; Connected to dangling logic. Logic that only feeds a dangling port will be removed. ;
+-----------+--------+----------+-------------------------------------------------------------------------------------+


+---------------------------------------------------------------------------------------------------------------------+
; Port Connectivity Checks: "debounce:hour_btn"                                                                       ;
+-----------+--------+----------+-------------------------------------------------------------------------------------+
; Port      ; Type   ; Severity ; Details                                                                             ;
+-----------+--------+----------+-------------------------------------------------------------------------------------+
; debounced ; Output ; Info     ; Connected to dangling logic. Logic that only feeds a dangling port will be removed. ;
+-----------+--------+----------+-------------------------------------------------------------------------------------+


+---------------------------------------------------------------------------------------------------------------------+
; Port Connectivity Checks: "debounce:clock_btn"                                                                      ;
+-----------+--------+----------+-------------------------------------------------------------------------------------+
; Port      ; Type   ; Severity ; Details                                                                             ;
+-----------+--------+----------+-------------------------------------------------------------------------------------+
; debounced ; Output ; Info     ; Connected to dangling logic. Logic that only feeds a dangling port will be removed. ;
+-----------+--------+----------+-------------------------------------------------------------------------------------+


+---------------------------------------------------------------------------------------------------------------------+
; Port Connectivity Checks: "debounce:alarm_btn"                                                                      ;
+-----------+--------+----------+-------------------------------------------------------------------------------------+
; Port      ; Type   ; Severity ; Details                                                                             ;
+-----------+--------+----------+-------------------------------------------------------------------------------------+
; debounced ; Output ; Info     ; Connected to dangling logic. Logic that only feeds a dangling port will be removed. ;
+-----------+--------+----------+-------------------------------------------------------------------------------------+


+---------------------------------+
; Analysis & Elaboration Messages ;
+---------------------------------+
Info: *******************************************************************
Info: Running Quartus Prime Analysis & Elaboration
    Info: Version 17.0.0 Build 595 04/25/2017 SJ Lite Edition
    Info: Processing started: Thu Nov 09 22:54:10 2017
Info: Command: quartus_map --read_settings_files=on --write_settings_files=off alarm_clock -c alarm_clock --analysis_and_elaboration
Warning (18236): Number of processors has not been specified which may cause overloading on shared machines.  Set the global assignment NUM_PARALLEL_PROCESSORS in your QSF to an appropriate value for best performance.
Info (20030): Parallel compilation is enabled and will use 4 of the 4 processors detected
Info (12021): Found 2 design units, including 1 entities, in source file alarm_clock.vhd
    Info (12022): Found design unit 1: alarm_clock-alarm_clock_arch File: F:/New Schoolwork/Fall 2017/VHDL/Proj3_Katelyn_Charbonneau/alarm_clock/alarm_clock.vhd Line: 23
    Info (12023): Found entity 1: alarm_clock File: F:/New Schoolwork/Fall 2017/VHDL/Proj3_Katelyn_Charbonneau/alarm_clock/alarm_clock.vhd Line: 8
Info (12021): Found 2 design units, including 0 entities, in source file alarm_clock_package.vhd
    Info (12022): Found design unit 1: alarm_clock_package File: F:/New Schoolwork/Fall 2017/VHDL/Proj3_Katelyn_Charbonneau/alarm_clock/alarm_clock_package.vhd Line: 4
    Info (12022): Found design unit 2: alarm_clock_package-body File: F:/New Schoolwork/Fall 2017/VHDL/Proj3_Katelyn_Charbonneau/alarm_clock/alarm_clock_package.vhd Line: 28
Info (12021): Found 2 design units, including 1 entities, in source file debounce.vhd
    Info (12022): Found design unit 1: debounce-debounce_arch File: F:/New Schoolwork/Fall 2017/VHDL/Proj3_Katelyn_Charbonneau/alarm_clock/debounce.vhd Line: 11
    Info (12023): Found entity 1: debounce File: F:/New Schoolwork/Fall 2017/VHDL/Proj3_Katelyn_Charbonneau/alarm_clock/debounce.vhd Line: 5
Info (12127): Elaborating entity "alarm_clock" for the top level hierarchy
Warning (10541): VHDL Signal Declaration warning at alarm_clock.vhd(12): used implicit default value for signal "alarm" because signal was never assigned a value or an explicit default value. Use of implicit default value may introduce unintended design optimizations. File: F:/New Schoolwork/Fall 2017/VHDL/Proj3_Katelyn_Charbonneau/alarm_clock/alarm_clock.vhd Line: 12
Warning (10541): VHDL Signal Declaration warning at alarm_clock.vhd(13): used implicit default value for signal "am_pm" because signal was never assigned a value or an explicit default value. Use of implicit default value may introduce unintended design optimizations. File: F:/New Schoolwork/Fall 2017/VHDL/Proj3_Katelyn_Charbonneau/alarm_clock/alarm_clock.vhd Line: 13
Warning (10036): Verilog HDL or VHDL warning at alarm_clock.vhd(28): object "db_alarm_set" assigned a value but never read File: F:/New Schoolwork/Fall 2017/VHDL/Proj3_Katelyn_Charbonneau/alarm_clock/alarm_clock.vhd Line: 28
Warning (10036): Verilog HDL or VHDL warning at alarm_clock.vhd(28): object "db_clock_set" assigned a value but never read File: F:/New Schoolwork/Fall 2017/VHDL/Proj3_Katelyn_Charbonneau/alarm_clock/alarm_clock.vhd Line: 28
Warning (10036): Verilog HDL or VHDL warning at alarm_clock.vhd(28): object "db_hour_set" assigned a value but never read File: F:/New Schoolwork/Fall 2017/VHDL/Proj3_Katelyn_Charbonneau/alarm_clock/alarm_clock.vhd Line: 28
Warning (10036): Verilog HDL or VHDL warning at alarm_clock.vhd(28): object "db_minute_set" assigned a value but never read File: F:/New Schoolwork/Fall 2017/VHDL/Proj3_Katelyn_Charbonneau/alarm_clock/alarm_clock.vhd Line: 28
Warning (10036): Verilog HDL or VHDL warning at alarm_clock.vhd(34): object "clock_time" assigned a value but never read File: F:/New Schoolwork/Fall 2017/VHDL/Proj3_Katelyn_Charbonneau/alarm_clock/alarm_clock.vhd Line: 34
Warning (10540): VHDL Signal Declaration warning at alarm_clock.vhd(36): used explicit default value for signal "alarm_minutes_ones" because signal was never assigned a value File: F:/New Schoolwork/Fall 2017/VHDL/Proj3_Katelyn_Charbonneau/alarm_clock/alarm_clock.vhd Line: 36
Warning (10540): VHDL Signal Declaration warning at alarm_clock.vhd(36): used explicit default value for signal "alarm_minutes_tens" because signal was never assigned a value File: F:/New Schoolwork/Fall 2017/VHDL/Proj3_Katelyn_Charbonneau/alarm_clock/alarm_clock.vhd Line: 36
Warning (10540): VHDL Signal Declaration warning at alarm_clock.vhd(36): used explicit default value for signal "alarm_hours_ones" because signal was never assigned a value File: F:/New Schoolwork/Fall 2017/VHDL/Proj3_Katelyn_Charbonneau/alarm_clock/alarm_clock.vhd Line: 36
Warning (10540): VHDL Signal Declaration warning at alarm_clock.vhd(36): used explicit default value for signal "alarm_hours_tens" because signal was never assigned a value File: F:/New Schoolwork/Fall 2017/VHDL/Proj3_Katelyn_Charbonneau/alarm_clock/alarm_clock.vhd Line: 36
Warning (10036): Verilog HDL or VHDL warning at alarm_clock.vhd(38): object "alarm_time" assigned a value but never read File: F:/New Schoolwork/Fall 2017/VHDL/Proj3_Katelyn_Charbonneau/alarm_clock/alarm_clock.vhd Line: 38
Warning (10492): VHDL Process Statement warning at alarm_clock.vhd(61): signal "hours_tens" is read inside the Process Statement but isn't in the Process Statement's sensitivity list File: F:/New Schoolwork/Fall 2017/VHDL/Proj3_Katelyn_Charbonneau/alarm_clock/alarm_clock.vhd Line: 61
Warning (10492): VHDL Process Statement warning at alarm_clock.vhd(61): signal "hours_ones" is read inside the Process Statement but isn't in the Process Statement's sensitivity list File: F:/New Schoolwork/Fall 2017/VHDL/Proj3_Katelyn_Charbonneau/alarm_clock/alarm_clock.vhd Line: 61
Warning (10492): VHDL Process Statement warning at alarm_clock.vhd(61): signal "minutes_tens" is read inside the Process Statement but isn't in the Process Statement's sensitivity list File: F:/New Schoolwork/Fall 2017/VHDL/Proj3_Katelyn_Charbonneau/alarm_clock/alarm_clock.vhd Line: 61
Warning (10492): VHDL Process Statement warning at alarm_clock.vhd(61): signal "minutes_ones" is read inside the Process Statement but isn't in the Process Statement's sensitivity list File: F:/New Schoolwork/Fall 2017/VHDL/Proj3_Katelyn_Charbonneau/alarm_clock/alarm_clock.vhd Line: 61
Warning (10492): VHDL Process Statement warning at alarm_clock.vhd(61): signal "seconds_tens" is read inside the Process Statement but isn't in the Process Statement's sensitivity list File: F:/New Schoolwork/Fall 2017/VHDL/Proj3_Katelyn_Charbonneau/alarm_clock/alarm_clock.vhd Line: 61
Warning (10492): VHDL Process Statement warning at alarm_clock.vhd(61): signal "seconds_ones" is read inside the Process Statement but isn't in the Process Statement's sensitivity list File: F:/New Schoolwork/Fall 2017/VHDL/Proj3_Katelyn_Charbonneau/alarm_clock/alarm_clock.vhd Line: 61
Warning (10631): VHDL Process Statement warning at alarm_clock.vhd(59): inferring latch(es) for signal or variable "hours_tens", which holds its previous value in one or more paths through the process File: F:/New Schoolwork/Fall 2017/VHDL/Proj3_Katelyn_Charbonneau/alarm_clock/alarm_clock.vhd Line: 59
Warning (10631): VHDL Process Statement warning at alarm_clock.vhd(59): inferring latch(es) for signal or variable "hours_ones", which holds its previous value in one or more paths through the process File: F:/New Schoolwork/Fall 2017/VHDL/Proj3_Katelyn_Charbonneau/alarm_clock/alarm_clock.vhd Line: 59
Warning (10631): VHDL Process Statement warning at alarm_clock.vhd(59): inferring latch(es) for signal or variable "minutes_tens", which holds its previous value in one or more paths through the process File: F:/New Schoolwork/Fall 2017/VHDL/Proj3_Katelyn_Charbonneau/alarm_clock/alarm_clock.vhd Line: 59
Warning (10631): VHDL Process Statement warning at alarm_clock.vhd(59): inferring latch(es) for signal or variable "minutes_ones", which holds its previous value in one or more paths through the process File: F:/New Schoolwork/Fall 2017/VHDL/Proj3_Katelyn_Charbonneau/alarm_clock/alarm_clock.vhd Line: 59
Warning (10631): VHDL Process Statement warning at alarm_clock.vhd(59): inferring latch(es) for signal or variable "seconds_tens", which holds its previous value in one or more paths through the process File: F:/New Schoolwork/Fall 2017/VHDL/Proj3_Katelyn_Charbonneau/alarm_clock/alarm_clock.vhd Line: 59
Info (10041): Inferred latch for "seconds_tens[0]" at alarm_clock.vhd(59) File: F:/New Schoolwork/Fall 2017/VHDL/Proj3_Katelyn_Charbonneau/alarm_clock/alarm_clock.vhd Line: 59
Info (10041): Inferred latch for "seconds_tens[1]" at alarm_clock.vhd(59) File: F:/New Schoolwork/Fall 2017/VHDL/Proj3_Katelyn_Charbonneau/alarm_clock/alarm_clock.vhd Line: 59
Info (10041): Inferred latch for "seconds_tens[2]" at alarm_clock.vhd(59) File: F:/New Schoolwork/Fall 2017/VHDL/Proj3_Katelyn_Charbonneau/alarm_clock/alarm_clock.vhd Line: 59
Info (10041): Inferred latch for "seconds_tens[3]" at alarm_clock.vhd(59) File: F:/New Schoolwork/Fall 2017/VHDL/Proj3_Katelyn_Charbonneau/alarm_clock/alarm_clock.vhd Line: 59
Info (10041): Inferred latch for "minutes_ones[0]" at alarm_clock.vhd(59) File: F:/New Schoolwork/Fall 2017/VHDL/Proj3_Katelyn_Charbonneau/alarm_clock/alarm_clock.vhd Line: 59
Info (10041): Inferred latch for "minutes_ones[1]" at alarm_clock.vhd(59) File: F:/New Schoolwork/Fall 2017/VHDL/Proj3_Katelyn_Charbonneau/alarm_clock/alarm_clock.vhd Line: 59
Info (10041): Inferred latch for "minutes_ones[2]" at alarm_clock.vhd(59) File: F:/New Schoolwork/Fall 2017/VHDL/Proj3_Katelyn_Charbonneau/alarm_clock/alarm_clock.vhd Line: 59
Info (10041): Inferred latch for "minutes_ones[3]" at alarm_clock.vhd(59) File: F:/New Schoolwork/Fall 2017/VHDL/Proj3_Katelyn_Charbonneau/alarm_clock/alarm_clock.vhd Line: 59
Info (10041): Inferred latch for "minutes_tens[0]" at alarm_clock.vhd(59) File: F:/New Schoolwork/Fall 2017/VHDL/Proj3_Katelyn_Charbonneau/alarm_clock/alarm_clock.vhd Line: 59
Info (10041): Inferred latch for "minutes_tens[1]" at alarm_clock.vhd(59) File: F:/New Schoolwork/Fall 2017/VHDL/Proj3_Katelyn_Charbonneau/alarm_clock/alarm_clock.vhd Line: 59
Info (10041): Inferred latch for "minutes_tens[2]" at alarm_clock.vhd(59) File: F:/New Schoolwork/Fall 2017/VHDL/Proj3_Katelyn_Charbonneau/alarm_clock/alarm_clock.vhd Line: 59
Info (10041): Inferred latch for "minutes_tens[3]" at alarm_clock.vhd(59) File: F:/New Schoolwork/Fall 2017/VHDL/Proj3_Katelyn_Charbonneau/alarm_clock/alarm_clock.vhd Line: 59
Info (10041): Inferred latch for "hours_ones[0]" at alarm_clock.vhd(59) File: F:/New Schoolwork/Fall 2017/VHDL/Proj3_Katelyn_Charbonneau/alarm_clock/alarm_clock.vhd Line: 59
Info (10041): Inferred latch for "hours_ones[1]" at alarm_clock.vhd(59) File: F:/New Schoolwork/Fall 2017/VHDL/Proj3_Katelyn_Charbonneau/alarm_clock/alarm_clock.vhd Line: 59
Info (10041): Inferred latch for "hours_ones[2]" at alarm_clock.vhd(59) File: F:/New Schoolwork/Fall 2017/VHDL/Proj3_Katelyn_Charbonneau/alarm_clock/alarm_clock.vhd Line: 59
Info (10041): Inferred latch for "hours_ones[3]" at alarm_clock.vhd(59) File: F:/New Schoolwork/Fall 2017/VHDL/Proj3_Katelyn_Charbonneau/alarm_clock/alarm_clock.vhd Line: 59
Info (10041): Inferred latch for "hours_tens[0]" at alarm_clock.vhd(59) File: F:/New Schoolwork/Fall 2017/VHDL/Proj3_Katelyn_Charbonneau/alarm_clock/alarm_clock.vhd Line: 59
Info (10041): Inferred latch for "hours_tens[1]" at alarm_clock.vhd(59) File: F:/New Schoolwork/Fall 2017/VHDL/Proj3_Katelyn_Charbonneau/alarm_clock/alarm_clock.vhd Line: 59
Info (10041): Inferred latch for "hours_tens[2]" at alarm_clock.vhd(59) File: F:/New Schoolwork/Fall 2017/VHDL/Proj3_Katelyn_Charbonneau/alarm_clock/alarm_clock.vhd Line: 59
Info (10041): Inferred latch for "hours_tens[3]" at alarm_clock.vhd(59) File: F:/New Schoolwork/Fall 2017/VHDL/Proj3_Katelyn_Charbonneau/alarm_clock/alarm_clock.vhd Line: 59
Info (12128): Elaborating entity "debounce" for hierarchy "debounce:alarm_btn" File: F:/New Schoolwork/Fall 2017/VHDL/Proj3_Katelyn_Charbonneau/alarm_clock/alarm_clock.vhd Line: 50
Warning (10631): VHDL Process Statement warning at debounce.vhd(17): inferring latch(es) for signal or variable "old_btn", which holds its previous value in one or more paths through the process File: F:/New Schoolwork/Fall 2017/VHDL/Proj3_Katelyn_Charbonneau/alarm_clock/debounce.vhd Line: 17
Info (10041): Inferred latch for "old_btn" at debounce.vhd(23) File: F:/New Schoolwork/Fall 2017/VHDL/Proj3_Katelyn_Charbonneau/alarm_clock/debounce.vhd Line: 23
Info: Quartus Prime Analysis & Elaboration was successful. 0 errors, 25 warnings
    Info: Peak virtual memory: 662 megabytes
    Info: Processing ended: Thu Nov 09 22:54:21 2017
    Info: Elapsed time: 00:00:11
    Info: Total CPU time (on all processors): 00:00:20


